#
# A fatal error has been detected by the Java Runtime Environment:
#
#  EXCEPTION_ACCESS_VIOLATION (0xc0000005) at pc=0x00007fff07bc663b, pid=10280, tid=5316
#
# JRE version: OpenJDK Runtime Environment (17.0.7) (build 17.0.7+0-b2043.56-10550314)
# Java VM: OpenJDK 64-Bit Server VM (17.0.7+0-b2043.56-10550314, mixed mode, tiered, compressed oops, compressed class ptrs, g1 gc, windows-amd64)
# Problematic frame:
# V  [jvm.dll+0x33663b]
#
# No core dump will be written. Minidumps are not enabled by default on client versions of Windows
#
# If you would like to submit a bug report, please visit:
#   https://bugreport.java.com/bugreport/crash.jsp
#

---------------  S U M M A R Y ------------

Command Line: --add-opens=java.base/java.util=ALL-UNNAMED --add-opens=java.base/java.lang=ALL-UNNAMED --add-opens=java.base/java.lang.invoke=ALL-UNNAMED --add-opens=java.prefs/java.util.prefs=ALL-UNNAMED --add-opens=java.base/java.nio.charset=ALL-UNNAMED --add-opens=java.base/java.net=ALL-UNNAMED --add-opens=java.base/java.util.concurrent.atomic=ALL-UNNAMED -Xmx2048m -Dfile.encoding=UTF-8 -Duser.country=IN -Duser.language=en -Duser.variant -javaagent:C:\Users\hp\.gradle\wrapper\dists\gradle-8.2-bin\bbg7u40eoinfdyxsxr3z4i7ta\gradle-8.2\lib\agents\gradle-instrumentation-agent-8.2.jar org.gradle.launcher.daemon.bootstrap.GradleDaemon 8.2

Host: 11th Gen Intel(R) Core(TM) i5-1135G7 @ 2.40GHz, 8 cores, 19G,  Windows 10 , 64 bit Build 19041 (10.0.19041.3636)
Time: Wed Feb 14 16:41:48 2024 India Standard Time elapsed time: 5.918052 seconds (0d 0h 0m 5s)

---------------  T H R E A D  ---------------

Current thread (0x0000023726712ec0):  JavaThread "C2 CompilerThread1" daemon [_thread_in_native, id=5316, stack(0x0000005b2be00000,0x0000005b2bf00000)]


Current CompileTask:
C2:   5918 4249 %     4       org.objectweb.asm.ClassReader::readCode @ 2186 (5109 bytes)

Stack: [0x0000005b2be00000,0x0000005b2bf00000],  sp=0x0000005b2befbbc0,  free space=1006k
Native frames: (J=compiled Java code, j=interpreted, Vv=VM code, C=native code)
V  [jvm.dll+0x33663b]
V  [jvm.dll+0x33450c]
V  [jvm.dll+0x333cca]
V  [jvm.dll+0x21d251]
V  [jvm.dll+0x21c671]
V  [jvm.dll+0x1a605d]
V  [jvm.dll+0x22c148]
V  [jvm.dll+0x22a209]
V  [jvm.dll+0x7f858c]
V  [jvm.dll+0x7f2aea]
V  [jvm.dll+0x682a35]
C  [ucrtbase.dll+0x21bb2]
C  [KERNEL32.DLL+0x17344]
C  [ntdll.dll+0x526b1]


siginfo: EXCEPTION_ACCESS_VIOLATION (0xc0000005), reading address 0x0000000000000018


Register to memory mapping:

RIP=0x00007fff07bc663b jvm.dll
RAX=0x0 is NULL
RBX=0x000002372e1758c0 points into unknown readable memory: 0x00007fff081ebf70 | 70 bf 1e 08 ff 7f 00 00
RCX=0x0000000000000002 is an unknown value
RDX=0x0000000000000020 is an unknown value
RSP=0x0000005b2befbbc0 is pointing into the stack for thread: 0x0000023726712ec0
RBP=0x0000000000000017 is an unknown value
RSI=0x0 is NULL
RDI=0x000002372b619150 points into unknown readable memory: 0x00007fff08184b68 | 68 4b 18 08 ff 7f 00 00
R8 =0x000002372b242380 points into unknown readable memory: 0x00007fff081ba760 | 60 a7 1b 08 ff 7f 00 00
R9 =0x0000000000000004 is an unknown value
R10=0x0000000000000002 is an unknown value
R11=0x0000000000000004 is an unknown value
R12=0x0000005b2befbcc8 is pointing into the stack for thread: 0x0000023726712ec0
R13=0x0000005b2befc100 is pointing into the stack for thread: 0x0000023726712ec0
R14=0x000002372b619150 points into unknown readable memory: 0x00007fff08184b68 | 68 4b 18 08 ff 7f 00 00
R15=0x0000005b2befbca8 is pointing into the stack for thread: 0x0000023726712ec0


Registers:
RAX=0x0000000000000000, RBX=0x000002372e1758c0, RCX=0x0000000000000002, RDX=0x0000000000000020
RSP=0x0000005b2befbbc0, RBP=0x0000000000000017, RSI=0x0000000000000000, RDI=0x000002372b619150
R8 =0x000002372b242380, R9 =0x0000000000000004, R10=0x0000000000000002, R11=0x0000000000000004
R12=0x0000005b2befbcc8, R13=0x0000005b2befc100, R14=0x000002372b619150, R15=0x0000005b2befbca8
RIP=0x00007fff07bc663b, EFLAGS=0x0000000000010202

Top of Stack: (sp=0x0000005b2befbbc0)
0x0000005b2befbbc0:   000002372e174f40 0000000000000002
0x0000005b2befbbd0:   0000000000001874 0000005b2befc100
0x0000005b2befbbe0:   000002372df07710 000002372df07910
0x0000005b2befbbf0:   000002372df07710 0000023726530f00
0x0000005b2befbc00:   0000023726530f00 0000023726595908
0x0000005b2befbc10:   00000237265917b0 0000005b2befc100
0x0000005b2befbc20:   000000000000016a 00007fff07bc450c
0x0000005b2befbc30:   000002372d1cad48 0000005b2befbd30
0x0000005b2befbc40:   0000000000001395 0000000000000000
0x0000005b2befbc50:   00000000000003e6 0000000000000000
0x0000005b2befbc60:   00000000b9000db4 0000000000000081
0x0000005b2befbc70:   000000000a0a0101 00000000fd08f500
0x0000005b2befbc80:   0000000000000db4 000002372cfccab0
0x0000005b2befbc90:   0000000000000000 0000005b22002002
0x0000005b2befbca0:   00000000000003ff 000002372df01b50
0x0000005b2befbcb0:   000002372df07710 000002372df01460 

Instructions: (pc=0x00007fff07bc663b)
0x00007fff07bc653b:   8b cc e8 4e 59 4f 00 49 8b 44 24 08 83 e7 1f 48
0x00007fff07bc654b:   89 6c 24 78 48 89 b4 24 80 00 00 00 4c 89 b4 24
0x00007fff07bc655b:   88 00 00 00 48 8d 14 98 8b 04 98 0f ab f8 89 02
0x00007fff07bc656b:   49 8b 17 48 8b c2 49 2b 47 10 48 83 c0 10 48 c1
0x00007fff07bc657b:   e8 04 85 c0 0f 84 e1 02 00 00 8b 0d ed a8 8a 00
0x00007fff07bc658b:   65 48 8b 04 25 58 00 00 00 4c 8d 04 c8 4c 89 44
0x00007fff07bc659b:   24 70 4c 8b 32 48 8d 42 f0 49 89 07 33 f6 41 b9
0x00007fff07bc65ab:   50 00 00 00 85 f6 0f 85 04 01 00 00 49 8b 46 08
0x00007fff07bc65bb:   48 8b 18 48 85 db 0f 84 9c 00 00 00 48 8b 03 48
0x00007fff07bc65cb:   8b cb ff 50 20 48 85 c0 0f 84 e2 00 00 00 49 3b
0x00007fff07bc65db:   c6 0f 84 d9 00 00 00 8b 4b 28 49 8b 45 78 4c 8b
0x00007fff07bc65eb:   04 c8 33 c9 41 8b 40 48 83 f8 01 74 3b 45 8b 48
0x00007fff07bc65fb:   28 45 8b d1 44 2b d0 41 8b ca 45 3b d1 73 26 45
0x00007fff07bc660b:   8b 58 18 4a 8d 14 d5 00 00 00 00 41 3b cb 73 0a
0x00007fff07bc661b:   49 8b 40 20 48 39 1c 02 74 0b ff c1 48 83 c2 08
0x00007fff07bc662b:   41 3b c9 72 e6 41 2b ca 49 8b 40 40 48 8b 04 c8
0x00007fff07bc663b:   83 78 18 00 76 13 48 8b 40 20 33 d2 49 8b ce 4c
0x00007fff07bc664b:   8b 00 e8 5e 3f d4 ff eb 67 45 33 c0 33 d2 49 8b
0x00007fff07bc665b:   ce e8 4f 3f d4 ff eb 58 41 83 7e 18 01 75 51 49
0x00007fff07bc666b:   8b 5d 10 48 89 18 48 85 db 74 34 48 8b 4b 10 48
0x00007fff07bc667b:   85 c9 74 2b 8b 43 20 3b 43 24 75 1c 8b d0 48 8b
0x00007fff07bc668b:   cb e8 ef b9 32 00 8b 43 20 48 8b 4b 10 4c 8b 44
0x00007fff07bc669b:   24 70 41 b9 50 00 00 00 4c 89 34 c1 ff 43 20 49
0x00007fff07bc66ab:   8b 00 41 8b c9 80 3c 01 00 75 05 e8 65 7c 56 00
0x00007fff07bc66bb:   41 3b 76 1c 0f 83 af 00 00 00 66 66 66 0f 1f 84
0x00007fff07bc66cb:   00 00 00 00 00 49 8b 46 08 8b ce ff c6 48 8b 3c
0x00007fff07bc66db:   c8 48 85 ff 0f 84 85 00 00 00 8b 6f 28 8b dd c1
0x00007fff07bc66eb:   eb 05 41 3b 1c 24 72 0a 8b d3 49 8b cc e8 93 57
0x00007fff07bc66fb:   4f 00 49 8b 44 24 08 83 e5 1f 44 8b 0c 98 48 8d
0x00007fff07bc670b:   14 98 41 8b c1 41 b8 01 00 00 00 40 0f b6 cd 41
0x00007fff07bc671b:   d3 e0 41 0b c0 45 23 c8 89 02 8b 47 28 41 3b 45
0x00007fff07bc672b:   68 0f 83 d4 00 00 00 8b c8 49 8b 45 78 48 83 3c 


Stack slot to memory mapping:
stack at sp + 0 slots: 0x000002372e174f40 points into unknown readable memory: 0x00007fff081ebf70 | 70 bf 1e 08 ff 7f 00 00
stack at sp + 1 slots: 0x0000000000000002 is an unknown value
stack at sp + 2 slots: 0x0000000000001874 is an unknown value
stack at sp + 3 slots: 0x0000005b2befc100 is pointing into the stack for thread: 0x0000023726712ec0
stack at sp + 4 slots: 0x000002372df07710 points into unknown readable memory: 0x000002372b618b98 | 98 8b 61 2b 37 02 00 00
stack at sp + 5 slots: 0x000002372df07910 points into unknown readable memory: 0x656a626f2e67726f | 6f 72 67 2e 6f 62 6a 65
stack at sp + 6 slots: 0x000002372df07710 points into unknown readable memory: 0x000002372b618b98 | 98 8b 61 2b 37 02 00 00
stack at sp + 7 slots: 0x0000023726530f00 points into unknown readable memory: 0x0000023700000006 | 06 00 00 00 37 02 00 00


---------------  P R O C E S S  ---------------

Threads class SMR info:
_java_thread_list=0x000002372e1640c0, length=43, elements={
0x000002370c3c14c0, 0x00000237263fe620, 0x00000237263ff220, 0x0000023726416cc0,
0x0000023726426800, 0x00000237264296f0, 0x0000023726429fb0, 0x000002372642b3b0,
0x0000023726434a70, 0x00000237264413a0, 0x0000023726560c70, 0x00000237266f21a0,
0x000002372d46e340, 0x000002372d3ec5a0, 0x000002372d198960, 0x000002372cd60d60,
0x000002372c72d5c0, 0x000002372d479e10, 0x000002372c7ce910, 0x000002372c46d5c0,
0x000002372b5cb840, 0x000002372b5c9b60, 0x000002372b5cbd10, 0x000002372b5caea0,
0x000002372b5ca030, 0x000002372b5c8820, 0x000002372b5c8cf0, 0x000002372b5c91c0,
0x000002372b5c9690, 0x000002372b5ca500, 0x000002372b5c8350, 0x000002372b5ca9d0,
0x000002372b5cb370, 0x000002372d51d8b0, 0x000002372d519ef0, 0x000002372d519080,
0x000002372d51bbd0, 0x000002372d51c0a0, 0x000002372d51d3e0, 0x000002372d51dd80,
0x000002372d51fa60, 0x0000023726712ec0, 0x0000023726714d20
}

Java Threads: ( => current thread )
  0x000002370c3c14c0 JavaThread "main" [_thread_blocked, id=9536, stack(0x0000005b28900000,0x0000005b28a00000)]
  0x00000237263fe620 JavaThread "Reference Handler" daemon [_thread_blocked, id=2728, stack(0x0000005b29000000,0x0000005b29100000)]
  0x00000237263ff220 JavaThread "Finalizer" daemon [_thread_blocked, id=11560, stack(0x0000005b29100000,0x0000005b29200000)]
  0x0000023726416cc0 JavaThread "Signal Dispatcher" daemon [_thread_blocked, id=10572, stack(0x0000005b29200000,0x0000005b29300000)]
  0x0000023726426800 JavaThread "Attach Listener" daemon [_thread_blocked, id=6616, stack(0x0000005b29300000,0x0000005b29400000)]
  0x00000237264296f0 JavaThread "Service Thread" daemon [_thread_blocked, id=9212, stack(0x0000005b29400000,0x0000005b29500000)]
  0x0000023726429fb0 JavaThread "Monitor Deflation Thread" daemon [_thread_blocked, id=7240, stack(0x0000005b29500000,0x0000005b29600000)]
  0x000002372642b3b0 JavaThread "C2 CompilerThread0" daemon [_thread_in_native, id=2280, stack(0x0000005b29600000,0x0000005b29700000)]
  0x0000023726434a70 JavaThread "C1 CompilerThread0" daemon [_thread_blocked, id=12652, stack(0x0000005b29700000,0x0000005b29800000)]
  0x00000237264413a0 JavaThread "Sweeper thread" daemon [_thread_blocked, id=9760, stack(0x0000005b29800000,0x0000005b29900000)]
  0x0000023726560c70 JavaThread "Common-Cleaner" daemon [_thread_blocked, id=7076, stack(0x0000005b29900000,0x0000005b29a00000)]
  0x00000237266f21a0 JavaThread "Notification Thread" daemon [_thread_blocked, id=2120, stack(0x0000005b29a00000,0x0000005b29b00000)]
  0x000002372d46e340 JavaThread "Daemon health stats" [_thread_blocked, id=4584, stack(0x0000005b2a400000,0x0000005b2a500000)]
  0x000002372d3ec5a0 JavaThread "Incoming local TCP Connector on port 49711" [_thread_in_native, id=10964, stack(0x0000005b2a500000,0x0000005b2a600000)]
  0x000002372d198960 JavaThread "Daemon periodic checks" [_thread_blocked, id=13100, stack(0x0000005b2a600000,0x0000005b2a700000)]
  0x000002372cd60d60 JavaThread "Daemon" [_thread_blocked, id=13260, stack(0x0000005b2a700000,0x0000005b2a800000)]
  0x000002372c72d5c0 JavaThread "Handler for socket connection from /127.0.0.1:49711 to /127.0.0.1:49712" [_thread_in_native, id=2152, stack(0x0000005b2a800000,0x0000005b2a900000)]
  0x000002372d479e10 JavaThread "Cancel handler" [_thread_blocked, id=8312, stack(0x0000005b2a900000,0x0000005b2aa00000)]
  0x000002372c7ce910 JavaThread "Daemon worker" [_thread_blocked, id=10688, stack(0x0000005b2aa00000,0x0000005b2ab00000)]
  0x000002372c46d5c0 JavaThread "Asynchronous log dispatcher for DefaultDaemonConnection: socket connection from /127.0.0.1:49711 to /127.0.0.1:49712" [_thread_blocked, id=7128, stack(0x0000005b2ab00000,0x0000005b2ac00000)]
  0x000002372b5cb840 JavaThread "Stdin handler" [_thread_blocked, id=2496, stack(0x0000005b2ac00000,0x0000005b2ad00000)]
  0x000002372b5c9b60 JavaThread "Daemon client event forwarder" [_thread_blocked, id=3336, stack(0x0000005b2ad00000,0x0000005b2ae00000)]
  0x000002372b5cbd10 JavaThread "Cache worker for journal cache (C:\Users\hp\.gradle\caches\journal-1)" [_thread_blocked, id=7744, stack(0x0000005b29c00000,0x0000005b29d00000)]
  0x000002372b5caea0 JavaThread "File lock request listener" [_thread_in_native, id=13056, stack(0x0000005b29d00000,0x0000005b29e00000)]
  0x000002372b5ca030 JavaThread "Cache worker for file hash cache (C:\Users\hp\.gradle\caches\8.2\fileHashes)" [_thread_blocked, id=12520, stack(0x0000005b2b000000,0x0000005b2b100000)]
  0x000002372b5c8820 JavaThread "File watcher server" daemon [_thread_in_native, id=1088, stack(0x0000005b2b300000,0x0000005b2b400000)]
  0x000002372b5c8cf0 JavaThread "File watcher consumer" daemon [_thread_blocked, id=3108, stack(0x0000005b2b400000,0x0000005b2b500000)]
  0x000002372b5c91c0 JavaThread "jar transforms" [_thread_blocked, id=2952, stack(0x0000005b2b500000,0x0000005b2b600000)]
  0x000002372b5c9690 JavaThread "jar transforms Thread 2" [_thread_in_Java, id=5008, stack(0x0000005b2b600000,0x0000005b2b700000)]
  0x000002372b5ca500 JavaThread "jar transforms Thread 3" [_thread_blocked, id=10404, stack(0x0000005b2b700000,0x0000005b2b800000)]
  0x000002372b5c8350 JavaThread "jar transforms Thread 4" [_thread_in_Java, id=9964, stack(0x0000005b2b800000,0x0000005b2b900000)]
  0x000002372b5ca9d0 JavaThread "jar transforms Thread 5" [_thread_blocked, id=3096, stack(0x0000005b2b900000,0x0000005b2ba00000)]
  0x000002372b5cb370 JavaThread "jar transforms Thread 6" [_thread_blocked, id=11736, stack(0x0000005b2ba00000,0x0000005b2bb00000)]
  0x000002372d51d8b0 JavaThread "jar transforms Thread 7" [_thread_blocked, id=9972, stack(0x0000005b2bb00000,0x0000005b2bc00000)]
  0x000002372d519ef0 JavaThread "jar transforms Thread 8" [_thread_blocked, id=4580, stack(0x0000005b2bc00000,0x0000005b2bd00000)]
  0x000002372d519080 JavaThread "Cache worker for checksums cache (C:\Users\hp\AndroidStudioProjects\MyApplication\.gradle\8.2\checksums)" [_thread_blocked, id=3088, stack(0x0000005b2b100000,0x0000005b2b200000)]
  0x000002372d51bbd0 JavaThread "Cache worker for cache directory md-rule (C:\Users\hp\.gradle\caches\8.2\md-rule)" [_thread_blocked, id=8372, stack(0x0000005b2b200000,0x0000005b2b300000)]
  0x000002372d51c0a0 JavaThread "Cache worker for file content cache (C:\Users\hp\.gradle\caches\8.2\fileContent)" [_thread_blocked, id=8924, stack(0x0000005b2bd00000,0x0000005b2be00000)]
  0x000002372d51d3e0 JavaThread "Cache worker for file hash cache (C:\Users\hp\AndroidStudioProjects\MyApplication\.gradle\8.2\fileHashes)" [_thread_blocked, id=12448, stack(0x0000005b2bf00000,0x0000005b2c000000)]
  0x000002372d51dd80 JavaThread "Cache worker for cache directory md-supplier (C:\Users\hp\.gradle\caches\8.2\md-supplier)" [_thread_blocked, id=1348, stack(0x0000005b2c000000,0x0000005b2c100000)]
  0x000002372d51fa60 JavaThread "Cache worker for execution history cache (C:\Users\hp\.gradle\caches\8.2\executionHistory)" [_thread_blocked, id=8648, stack(0x0000005b2c100000,0x0000005b2c200000)]
=>0x0000023726712ec0 JavaThread "C2 CompilerThread1" daemon [_thread_in_native, id=5316, stack(0x0000005b2be00000,0x0000005b2bf00000)]
  0x0000023726714d20 JavaThread "C2 CompilerThread2" daemon [_thread_in_native, id=11436, stack(0x0000005b2c200000,0x0000005b2c300000)]

Other Threads:
  0x00000237263db710 VMThread "VM Thread" [stack: 0x0000005b28f00000,0x0000005b29000000] [id=9000]
  0x000002370c43dd10 WatcherThread [stack: 0x0000005b29b00000,0x0000005b29c00000] [id=11360]
  0x000002370c424390 GCTaskThread "GC Thread#0" [stack: 0x0000005b28a00000,0x0000005b28b00000] [id=1324]
  0x000002372bb06570 GCTaskThread "GC Thread#1" [stack: 0x0000005b29e00000,0x0000005b29f00000] [id=6640]
  0x000002372bb05d10 GCTaskThread "GC Thread#2" [stack: 0x0000005b29f00000,0x0000005b2a000000] [id=9992]
  0x000002372bbd69d0 GCTaskThread "GC Thread#3" [stack: 0x0000005b2a000000,0x0000005b2a100000] [id=668]
  0x000002372ba67ec0 GCTaskThread "GC Thread#4" [stack: 0x0000005b2a100000,0x0000005b2a200000] [id=3884]
  0x000002372b9c6620 GCTaskThread "GC Thread#5" [stack: 0x0000005b2a200000,0x0000005b2a300000] [id=2932]
  0x000002372b9c68d0 GCTaskThread "GC Thread#6" [stack: 0x0000005b2a300000,0x0000005b2a400000] [id=516]
  0x000002372d057020 GCTaskThread "GC Thread#7" [stack: 0x0000005b2ae00000,0x0000005b2af00000] [id=11840]
  0x000002370c4351e0 ConcurrentGCThread "G1 Main Marker" [stack: 0x0000005b28b00000,0x0000005b28c00000] [id=8088]
  0x000002370c435b00 ConcurrentGCThread "G1 Conc#0" [stack: 0x0000005b28c00000,0x0000005b28d00000] [id=12884]
  0x000002372c3cdc90 ConcurrentGCThread "G1 Conc#1" [stack: 0x0000005b2af00000,0x0000005b2b000000] [id=10784]
  0x000002370c48dbf0 ConcurrentGCThread "G1 Refine#0" [stack: 0x0000005b28d00000,0x0000005b28e00000] [id=9816]
  0x0000023726100820 ConcurrentGCThread "G1 Service" [stack: 0x0000005b28e00000,0x0000005b28f00000] [id=5280]

Threads with active compile tasks:
C2 CompilerThread0     5943 4516       4       org.objectweb.asm.MethodWriter::visitLabel (328 bytes)
C2 CompilerThread1     5943 4249 %     4       org.objectweb.asm.ClassReader::readCode @ 2186 (5109 bytes)
C2 CompilerThread2     5943 4296       4       org.objectweb.asm.SymbolTable::addConstantMemberReference (147 bytes)

VM state: not at safepoint (normal execution)

VM Mutex/Monitor currently owned by a thread: None

Heap address: 0x0000000080000000, size: 2048 MB, Compressed Oops mode: 32-bit

CDS archive(s) not mapped
Compressed class space mapped at: 0x0000000100000000-0x0000000140000000, reserved size: 1073741824
Narrow klass base: 0x0000000000000000, Narrow klass shift: 3, Narrow klass range: 0x140000000

GC Precious Log:
 CPUs: 8 total, 8 available
 Memory: 20122M
 Large Page Support: Disabled
 NUMA Support: Disabled
 Compressed Oops: Enabled (32-bit)
 Heap Region Size: 1M
 Heap Min Capacity: 8M
 Heap Initial Capacity: 316M
 Heap Max Capacity: 2G
 Pre-touch: Disabled
 Parallel Workers: 8
 Concurrent Workers: 2
 Concurrent Refinement Workers: 8
 Periodic GC: Disabled

Heap:
 garbage-first heap   total 128000K, used 101538K [0x0000000080000000, 0x0000000100000000)
  region size 1024K, 46 young (47104K), 3 survivors (3072K)
 Metaspace       used 47847K, committed 48256K, reserved 1114112K
  class space    used 6331K, committed 6528K, reserved 1048576K

Heap Regions: E=young(eden), S=young(survivor), O=old, HS=humongous(starts), HC=humongous(continues), CS=collection set, F=free, OA=open archive, CA=closed archive, TAMS=top-at-mark-start (previous, next)
|   0|0x0000000080000000, 0x0000000080100000, 0x0000000080100000|100%|HS|  |TAMS 0x0000000080100000, 0x0000000080000000| Complete 
|   1|0x0000000080100000, 0x0000000080200000, 0x0000000080200000|100%|HC|  |TAMS 0x0000000080200000, 0x0000000080100000| Complete 
|   2|0x0000000080200000, 0x0000000080300000, 0x0000000080300000|100%|HC|  |TAMS 0x0000000080300000, 0x0000000080200000| Complete 
|   3|0x0000000080300000, 0x0000000080400000, 0x0000000080400000|100%|HC|  |TAMS 0x0000000080400000, 0x0000000080300000| Complete 
|   4|0x0000000080400000, 0x0000000080500000, 0x0000000080500000|100%| O|  |TAMS 0x0000000080500000, 0x0000000080400000| Untracked 
|   5|0x0000000080500000, 0x0000000080600000, 0x0000000080600000|100%| O|  |TAMS 0x0000000080600000, 0x0000000080500000| Untracked 
|   6|0x0000000080600000, 0x0000000080700000, 0x0000000080700000|100%| O|  |TAMS 0x0000000080700000, 0x0000000080600000| Untracked 
|   7|0x0000000080700000, 0x0000000080800000, 0x0000000080800000|100%| O|  |TAMS 0x0000000080800000, 0x0000000080700000| Untracked 
|   8|0x0000000080800000, 0x0000000080900000, 0x0000000080900000|100%| O|  |TAMS 0x0000000080900000, 0x0000000080800000| Untracked 
|   9|0x0000000080900000, 0x0000000080a00000, 0x0000000080a00000|100%| O|  |TAMS 0x0000000080a00000, 0x0000000080900000| Untracked 
|  10|0x0000000080a00000, 0x0000000080b00000, 0x0000000080b00000|100%| O|  |TAMS 0x0000000080b00000, 0x0000000080a00000| Untracked 
|  11|0x0000000080b00000, 0x0000000080b99600, 0x0000000080c00000| 59%| O|  |TAMS 0x0000000080b99600, 0x0000000080b00000| Untracked 
|  12|0x0000000080c00000, 0x0000000080d00000, 0x0000000080d00000|100%| O|  |TAMS 0x0000000080d00000, 0x0000000080c00000| Untracked 
|  13|0x0000000080d00000, 0x0000000080e00000, 0x0000000080e00000|100%| O|  |TAMS 0x0000000080e00000, 0x0000000080d00000| Untracked 
|  14|0x0000000080e00000, 0x0000000080f00000, 0x0000000080f00000|100%| O|  |TAMS 0x0000000080f00000, 0x0000000080e00000| Untracked 
|  15|0x0000000080f00000, 0x0000000081000000, 0x0000000081000000|100%| O|  |TAMS 0x0000000081000000, 0x0000000080f00000| Untracked 
|  16|0x0000000081000000, 0x0000000081100000, 0x0000000081100000|100%| O|  |TAMS 0x0000000081100000, 0x0000000081000000| Untracked 
|  17|0x0000000081100000, 0x0000000081200000, 0x0000000081200000|100%| O|  |TAMS 0x0000000081200000, 0x0000000081100000| Untracked 
|  18|0x0000000081200000, 0x0000000081300000, 0x0000000081300000|100%| O|  |TAMS 0x0000000081300000, 0x0000000081200000| Untracked 
|  19|0x0000000081300000, 0x0000000081400000, 0x0000000081400000|100%|HS|  |TAMS 0x0000000081400000, 0x0000000081300000| Complete 
|  20|0x0000000081400000, 0x0000000081500000, 0x0000000081500000|100%|HC|  |TAMS 0x0000000081500000, 0x0000000081400000| Complete 
|  21|0x0000000081500000, 0x0000000081600000, 0x0000000081600000|100%|HS|  |TAMS 0x0000000081600000, 0x0000000081500000| Complete 
|  22|0x0000000081600000, 0x0000000081700000, 0x0000000081700000|100%|HC|  |TAMS 0x0000000081700000, 0x0000000081600000| Complete 
|  23|0x0000000081700000, 0x0000000081800000, 0x0000000081800000|100%|HC|  |TAMS 0x0000000081800000, 0x0000000081700000| Complete 
|  24|0x0000000081800000, 0x0000000081900000, 0x0000000081900000|100%| O|  |TAMS 0x0000000081900000, 0x0000000081800000| Untracked 
|  25|0x0000000081900000, 0x0000000081a00000, 0x0000000081a00000|100%| O|  |TAMS 0x0000000081a00000, 0x0000000081900000| Untracked 
|  26|0x0000000081a00000, 0x0000000081b00000, 0x0000000081b00000|100%| O|  |TAMS 0x0000000081b00000, 0x0000000081a00000| Untracked 
|  27|0x0000000081b00000, 0x0000000081c00000, 0x0000000081c00000|100%| O|  |TAMS 0x0000000081c00000, 0x0000000081b00000| Untracked 
|  28|0x0000000081c00000, 0x0000000081d00000, 0x0000000081d00000|100%|HS|  |TAMS 0x0000000081d00000, 0x0000000081c00000| Complete 
|  29|0x0000000081d00000, 0x0000000081e00000, 0x0000000081e00000|100%|HC|  |TAMS 0x0000000081e00000, 0x0000000081d00000| Complete 
|  30|0x0000000081e00000, 0x0000000081f00000, 0x0000000081f00000|100%| O|  |TAMS 0x0000000081f00000, 0x0000000081e00000| Untracked 
|  31|0x0000000081f00000, 0x0000000082000000, 0x0000000082000000|100%| O|  |TAMS 0x0000000082000000, 0x0000000081f00000| Untracked 
|  32|0x0000000082000000, 0x0000000082100000, 0x0000000082100000|100%|HS|  |TAMS 0x0000000082100000, 0x0000000082000000| Complete 
|  33|0x0000000082100000, 0x0000000082200000, 0x0000000082200000|100%|HC|  |TAMS 0x0000000082200000, 0x0000000082100000| Complete 
|  34|0x0000000082200000, 0x0000000082300000, 0x0000000082300000|100%|HC|  |TAMS 0x0000000082300000, 0x0000000082200000| Complete 
|  35|0x0000000082300000, 0x0000000082400000, 0x0000000082400000|100%|HC|  |TAMS 0x0000000082400000, 0x0000000082300000| Complete 
|  36|0x0000000082400000, 0x0000000082500000, 0x0000000082500000|100%|HC|  |TAMS 0x0000000082500000, 0x0000000082400000| Complete 
|  37|0x0000000082500000, 0x0000000082600000, 0x0000000082600000|100%|HC|  |TAMS 0x0000000082600000, 0x0000000082500000| Complete 
|  38|0x0000000082600000, 0x0000000082700000, 0x0000000082700000|100%|HC|  |TAMS 0x0000000082700000, 0x0000000082600000| Complete 
|  39|0x0000000082700000, 0x0000000082800000, 0x0000000082800000|100%|HC|  |TAMS 0x0000000082800000, 0x0000000082700000| Complete 
|  40|0x0000000082800000, 0x0000000082900000, 0x0000000082900000|100%|HC|  |TAMS 0x0000000082900000, 0x0000000082800000| Complete 
|  41|0x0000000082900000, 0x0000000082a00000, 0x0000000082a00000|100%|HC|  |TAMS 0x0000000082a00000, 0x0000000082900000| Complete 
|  42|0x0000000082a00000, 0x0000000082b00000, 0x0000000082b00000|100%|HC|  |TAMS 0x0000000082b00000, 0x0000000082a00000| Complete 
|  43|0x0000000082b00000, 0x0000000082c00000, 0x0000000082c00000|100%|HC|  |TAMS 0x0000000082c00000, 0x0000000082b00000| Complete 
|  44|0x0000000082c00000, 0x0000000082d00000, 0x0000000082d00000|100%|HS|  |TAMS 0x0000000082d00000, 0x0000000082c00000| Complete 
|  45|0x0000000082d00000, 0x0000000082e00000, 0x0000000082e00000|100%|HC|  |TAMS 0x0000000082e00000, 0x0000000082d00000| Complete 
|  46|0x0000000082e00000, 0x0000000082f00000, 0x0000000082f00000|100%| O|  |TAMS 0x0000000082f00000, 0x0000000082e00000| Untracked 
|  47|0x0000000082f00000, 0x0000000083000000, 0x0000000083000000|100%| O|  |TAMS 0x0000000083000000, 0x0000000082f00000| Untracked 
|  48|0x0000000083000000, 0x0000000083100000, 0x0000000083100000|100%| O|  |TAMS 0x0000000083100000, 0x0000000083000000| Untracked 
|  49|0x0000000083100000, 0x0000000083200000, 0x0000000083200000|100%| O|  |TAMS 0x0000000083200000, 0x0000000083100000| Untracked 
|  50|0x0000000083200000, 0x0000000083300000, 0x0000000083300000|100%| O|  |TAMS 0x0000000083300000, 0x0000000083200000| Untracked 
|  51|0x0000000083300000, 0x0000000083400000, 0x0000000083400000|100%| O|  |TAMS 0x0000000083400000, 0x0000000083300000| Untracked 
|  52|0x0000000083400000, 0x0000000083500000, 0x0000000083500000|100%| O|  |TAMS 0x000000008348fe00, 0x0000000083400000| Untracked 
|  53|0x0000000083500000, 0x00000000835c3000, 0x0000000083600000| 76%| O|  |TAMS 0x0000000083500000, 0x0000000083500000| Untracked 
|  54|0x0000000083600000, 0x0000000083700000, 0x0000000083700000|100%|HS|  |TAMS 0x0000000083600000, 0x0000000083600000| Complete 
|  55|0x0000000083700000, 0x0000000083800000, 0x0000000083800000|100%|HC|  |TAMS 0x0000000083700000, 0x0000000083700000| Complete 
|  56|0x0000000083800000, 0x0000000083800000, 0x0000000083900000|  0%| F|  |TAMS 0x0000000083800000, 0x0000000083800000| Untracked 
|  57|0x0000000083900000, 0x0000000083900000, 0x0000000083a00000|  0%| F|  |TAMS 0x0000000083900000, 0x0000000083900000| Untracked 
|  58|0x0000000083a00000, 0x0000000083a00000, 0x0000000083b00000|  0%| F|  |TAMS 0x0000000083a00000, 0x0000000083a00000| Untracked 
|  59|0x0000000083b00000, 0x0000000083b00000, 0x0000000083c00000|  0%| F|  |TAMS 0x0000000083b00000, 0x0000000083b00000| Untracked 
|  60|0x0000000083c00000, 0x0000000083c00000, 0x0000000083d00000|  0%| F|  |TAMS 0x0000000083c00000, 0x0000000083c00000| Untracked 
|  61|0x0000000083d00000, 0x0000000083d00000, 0x0000000083e00000|  0%| F|  |TAMS 0x0000000083d00000, 0x0000000083d00000| Untracked 
|  62|0x0000000083e00000, 0x0000000083e00000, 0x0000000083f00000|  0%| F|  |TAMS 0x0000000083e00000, 0x0000000083e00000| Untracked 
|  63|0x0000000083f00000, 0x0000000083f00000, 0x0000000084000000|  0%| F|  |TAMS 0x0000000083f00000, 0x0000000083f00000| Untracked 
|  64|0x0000000084000000, 0x0000000084000000, 0x0000000084100000|  0%| F|  |TAMS 0x0000000084000000, 0x0000000084000000| Untracked 
|  65|0x0000000084100000, 0x0000000084100000, 0x0000000084200000|  0%| F|  |TAMS 0x0000000084100000, 0x0000000084100000| Untracked 
|  66|0x0000000084200000, 0x0000000084200000, 0x0000000084300000|  0%| F|  |TAMS 0x0000000084200000, 0x0000000084200000| Untracked 
|  67|0x0000000084300000, 0x0000000084300000, 0x0000000084400000|  0%| F|  |TAMS 0x0000000084300000, 0x0000000084300000| Untracked 
|  68|0x0000000084400000, 0x0000000084400000, 0x0000000084500000|  0%| F|  |TAMS 0x0000000084400000, 0x0000000084400000| Untracked 
|  69|0x0000000084500000, 0x0000000084500000, 0x0000000084600000|  0%| F|  |TAMS 0x0000000084500000, 0x0000000084500000| Untracked 
|  70|0x0000000084600000, 0x0000000084600000, 0x0000000084700000|  0%| F|  |TAMS 0x0000000084600000, 0x0000000084600000| Untracked 
|  71|0x0000000084700000, 0x0000000084700000, 0x0000000084800000|  0%| F|  |TAMS 0x0000000084700000, 0x0000000084700000| Untracked 
|  72|0x0000000084800000, 0x0000000084800000, 0x0000000084900000|  0%| F|  |TAMS 0x0000000084800000, 0x0000000084800000| Untracked 
|  73|0x0000000084900000, 0x0000000084900000, 0x0000000084a00000|  0%| F|  |TAMS 0x0000000084900000, 0x0000000084900000| Untracked 
|  74|0x0000000084a00000, 0x0000000084a00000, 0x0000000084b00000|  0%| F|  |TAMS 0x0000000084a00000, 0x0000000084a00000| Untracked 
|  75|0x0000000084b00000, 0x0000000084bcc510, 0x0000000084c00000| 79%| S|CS|TAMS 0x0000000084b00000, 0x0000000084b00000| Complete 
|  76|0x0000000084c00000, 0x0000000084d00000, 0x0000000084d00000|100%| S|CS|TAMS 0x0000000084c00000, 0x0000000084c00000| Complete 
|  77|0x0000000084d00000, 0x0000000084e00000, 0x0000000084e00000|100%| S|CS|TAMS 0x0000000084d00000, 0x0000000084d00000| Complete 
|  78|0x0000000084e00000, 0x0000000084e00000, 0x0000000084f00000|  0%| F|  |TAMS 0x0000000084e00000, 0x0000000084e00000| Untracked 
|  79|0x0000000084f00000, 0x0000000084f00000, 0x0000000085000000|  0%| F|  |TAMS 0x0000000084f00000, 0x0000000084f00000| Untracked 
|  80|0x0000000085000000, 0x0000000085000000, 0x0000000085100000|  0%| F|  |TAMS 0x0000000085000000, 0x0000000085000000| Untracked 
|  81|0x0000000085100000, 0x0000000085100000, 0x0000000085200000|  0%| F|  |TAMS 0x0000000085100000, 0x0000000085100000| Untracked 
|  82|0x0000000085200000, 0x0000000085300000, 0x0000000085300000|100%| E|CS|TAMS 0x0000000085200000, 0x0000000085200000| Complete 
|  83|0x0000000085300000, 0x0000000085400000, 0x0000000085400000|100%| E|CS|TAMS 0x0000000085300000, 0x0000000085300000| Complete 
|  84|0x0000000085400000, 0x0000000085500000, 0x0000000085500000|100%| E|CS|TAMS 0x0000000085400000, 0x0000000085400000| Complete 
|  85|0x0000000085500000, 0x0000000085600000, 0x0000000085600000|100%| E|CS|TAMS 0x0000000085500000, 0x0000000085500000| Complete 
|  86|0x0000000085600000, 0x0000000085700000, 0x0000000085700000|100%| E|CS|TAMS 0x0000000085600000, 0x0000000085600000| Complete 
|  87|0x0000000085700000, 0x0000000085800000, 0x0000000085800000|100%| E|  |TAMS 0x0000000085700000, 0x0000000085700000| Complete 
|  88|0x0000000085800000, 0x0000000085900000, 0x0000000085900000|100%| E|CS|TAMS 0x0000000085800000, 0x0000000085800000| Complete 
|  89|0x0000000085900000, 0x0000000085a00000, 0x0000000085a00000|100%| E|CS|TAMS 0x0000000085900000, 0x0000000085900000| Complete 
|  90|0x0000000085a00000, 0x0000000085b00000, 0x0000000085b00000|100%| E|CS|TAMS 0x0000000085a00000, 0x0000000085a00000| Complete 
|  91|0x0000000085b00000, 0x0000000085c00000, 0x0000000085c00000|100%| E|CS|TAMS 0x0000000085b00000, 0x0000000085b00000| Complete 
|  92|0x0000000085c00000, 0x0000000085d00000, 0x0000000085d00000|100%| E|CS|TAMS 0x0000000085c00000, 0x0000000085c00000| Complete 
|  93|0x0000000085d00000, 0x0000000085e00000, 0x0000000085e00000|100%| E|CS|TAMS 0x0000000085d00000, 0x0000000085d00000| Complete 
|  94|0x0000000085e00000, 0x0000000085f00000, 0x0000000085f00000|100%| E|CS|TAMS 0x0000000085e00000, 0x0000000085e00000| Complete 
|  95|0x0000000085f00000, 0x0000000086000000, 0x0000000086000000|100%| E|CS|TAMS 0x0000000085f00000, 0x0000000085f00000| Complete 
|  96|0x0000000086000000, 0x0000000086100000, 0x0000000086100000|100%| E|CS|TAMS 0x0000000086000000, 0x0000000086000000| Complete 
|  97|0x0000000086100000, 0x0000000086200000, 0x0000000086200000|100%| E|CS|TAMS 0x0000000086100000, 0x0000000086100000| Complete 
|  98|0x0000000086200000, 0x0000000086300000, 0x0000000086300000|100%| E|CS|TAMS 0x0000000086200000, 0x0000000086200000| Complete 
|  99|0x0000000086300000, 0x0000000086400000, 0x0000000086400000|100%| E|CS|TAMS 0x0000000086300000, 0x0000000086300000| Complete 
| 100|0x0000000086400000, 0x0000000086500000, 0x0000000086500000|100%| E|CS|TAMS 0x0000000086400000, 0x0000000086400000| Complete 
| 101|0x0000000086500000, 0x0000000086600000, 0x0000000086600000|100%| E|CS|TAMS 0x0000000086500000, 0x0000000086500000| Complete 
| 102|0x0000000086600000, 0x0000000086700000, 0x0000000086700000|100%| E|CS|TAMS 0x0000000086600000, 0x0000000086600000| Complete 
| 103|0x0000000086700000, 0x0000000086800000, 0x0000000086800000|100%| E|CS|TAMS 0x0000000086700000, 0x0000000086700000| Complete 
| 104|0x0000000086800000, 0x0000000086900000, 0x0000000086900000|100%| E|CS|TAMS 0x0000000086800000, 0x0000000086800000| Complete 
| 105|0x0000000086900000, 0x0000000086a00000, 0x0000000086a00000|100%| E|CS|TAMS 0x0000000086900000, 0x0000000086900000| Complete 
| 106|0x0000000086a00000, 0x0000000086b00000, 0x0000000086b00000|100%| E|CS|TAMS 0x0000000086a00000, 0x0000000086a00000| Complete 
| 107|0x0000000086b00000, 0x0000000086c00000, 0x0000000086c00000|100%| E|CS|TAMS 0x0000000086b00000, 0x0000000086b00000| Complete 
| 108|0x0000000086c00000, 0x0000000086d00000, 0x0000000086d00000|100%| E|CS|TAMS 0x0000000086c00000, 0x0000000086c00000| Complete 
| 109|0x0000000086d00000, 0x0000000086e00000, 0x0000000086e00000|100%| E|CS|TAMS 0x0000000086d00000, 0x0000000086d00000| Complete 
| 110|0x0000000086e00000, 0x0000000086f00000, 0x0000000086f00000|100%| E|CS|TAMS 0x0000000086e00000, 0x0000000086e00000| Complete 
| 111|0x0000000086f00000, 0x0000000087000000, 0x0000000087000000|100%| E|CS|TAMS 0x0000000086f00000, 0x0000000086f00000| Complete 
| 112|0x0000000087000000, 0x0000000087100000, 0x0000000087100000|100%| E|CS|TAMS 0x0000000087000000, 0x0000000087000000| Complete 
| 113|0x0000000087100000, 0x0000000087200000, 0x0000000087200000|100%| E|CS|TAMS 0x0000000087100000, 0x0000000087100000| Complete 
| 114|0x0000000087200000, 0x0000000087300000, 0x0000000087300000|100%| E|CS|TAMS 0x0000000087200000, 0x0000000087200000| Complete 
| 262|0x0000000090600000, 0x0000000090700000, 0x0000000090700000|100%| E|CS|TAMS 0x0000000090600000, 0x0000000090600000| Complete 
| 263|0x0000000090700000, 0x0000000090800000, 0x0000000090800000|100%| E|CS|TAMS 0x0000000090700000, 0x0000000090700000| Complete 
| 264|0x0000000090800000, 0x0000000090900000, 0x0000000090900000|100%| E|CS|TAMS 0x0000000090800000, 0x0000000090800000| Complete 
| 265|0x0000000090900000, 0x0000000090a00000, 0x0000000090a00000|100%| E|CS|TAMS 0x0000000090900000, 0x0000000090900000| Complete 
| 266|0x0000000090a00000, 0x0000000090b00000, 0x0000000090b00000|100%| E|CS|TAMS 0x0000000090a00000, 0x0000000090a00000| Complete 
| 267|0x0000000090b00000, 0x0000000090c00000, 0x0000000090c00000|100%| E|CS|TAMS 0x0000000090b00000, 0x0000000090b00000| Complete 
| 268|0x0000000090c00000, 0x0000000090d00000, 0x0000000090d00000|100%| E|CS|TAMS 0x0000000090c00000, 0x0000000090c00000| Complete 
| 269|0x0000000090d00000, 0x0000000090e00000, 0x0000000090e00000|100%| E|CS|TAMS 0x0000000090d00000, 0x0000000090d00000| Complete 
| 270|0x0000000090e00000, 0x0000000090f00000, 0x0000000090f00000|100%| E|CS|TAMS 0x0000000090e00000, 0x0000000090e00000| Complete 
| 315|0x0000000093b00000, 0x0000000093c00000, 0x0000000093c00000|100%| E|CS|TAMS 0x0000000093b00000, 0x0000000093b00000| Complete 

Card table byte_map: [0x000002371efd0000,0x000002371f3d0000] _byte_map_base: 0x000002371ebd0000

Marking Bits (Prev, Next): (CMBitMap*) 0x000002370c4248b0, (CMBitMap*) 0x000002370c4248f0
 Prev Bits: [0x000002371f7d0000, 0x00000237217d0000)
 Next Bits: [0x00000237217d0000, 0x00000237237d0000)

Polling page: 0x000002370a320000

Metaspace:

Usage:
  Non-class:     40.54 MB used.
      Class:      6.18 MB used.
       Both:     46.73 MB used.

Virtual space:
  Non-class space:       64.00 MB reserved,      40.75 MB ( 64%) committed,  1 nodes.
      Class space:        1.00 GB reserved,       6.38 MB ( <1%) committed,  1 nodes.
             Both:        1.06 GB reserved,      47.12 MB (  4%) committed. 

Chunk freelists:
   Non-Class:  6.75 MB
       Class:  9.58 MB
        Both:  16.33 MB

MaxMetaspaceSize: unlimited
CompressedClassSpaceSize: 1.00 GB
Initial GC threshold: 21.00 MB
Current GC threshold: 72.62 MB
CDS: off
MetaspaceReclaimPolicy: balanced
 - commit_granule_bytes: 65536.
 - commit_granule_words: 8192.
 - virtual_space_node_default_size: 8388608.
 - enlarge_chunks_in_place: 1.
 - new_chunks_are_fully_committed: 0.
 - uncommit_free_chunks: 1.
 - use_allocation_guard: 0.
 - handle_deallocations: 1.


Internal statistics:

num_allocs_failed_limit: 3.
num_arena_births: 450.
num_arena_deaths: 16.
num_vsnodes_births: 2.
num_vsnodes_deaths: 0.
num_space_committed: 754.
num_space_uncommitted: 0.
num_chunks_returned_to_freelist: 24.
num_chunks_taken_from_freelist: 1937.
num_chunk_merges: 7.
num_chunk_splits: 1244.
num_chunks_enlarged: 846.
num_inconsistent_stats: 0.

CodeHeap 'non-profiled nmethods': size=120000Kb used=2736Kb max_used=2736Kb free=117263Kb
 bounds [0x0000023717370000, 0x0000023717620000, 0x000002371e8a0000]
CodeHeap 'profiled nmethods': size=120000Kb used=9534Kb max_used=9534Kb free=110465Kb
 bounds [0x000002370f8a0000, 0x00000237101f0000, 0x0000023716dd0000]
CodeHeap 'non-nmethods': size=5760Kb used=2325Kb max_used=2362Kb free=3434Kb
 bounds [0x0000023716dd0000, 0x0000023717040000, 0x0000023717370000]
 total_blobs=5332 nmethods=4515 adapters=728
 compilation: enabled
              stopped_count=0, restarted_count=0
 full_count=0

Compilation events (20 events):
Event: 5.899 Thread 0x0000023726434a70 nmethod 4405 0x00000237101c2f90 code [0x00000237101c3140, 0x00000237101c3308]
Event: 5.899 Thread 0x0000023726434a70 4408       3       org.objectweb.asm.ClassReader::accept (11 bytes)
Event: 5.899 Thread 0x0000023726434a70 nmethod 4408 0x00000237101c3410 code [0x00000237101c35c0, 0x00000237101c37a8]
Event: 5.899 Thread 0x0000023726434a70 4431       3       com.google.common.collect.AbstractIterator::next (37 bytes)
Event: 5.899 Thread 0x0000023726434a70 nmethod 4431 0x00000237101c3890 code [0x00000237101c3a60, 0x00000237101c3db8]
Event: 5.899 Thread 0x0000023726434a70 4432       3       org.objectweb.asm.MethodWriter::visitIntInsn (113 bytes)
Event: 5.900 Thread 0x0000023726434a70 nmethod 4432 0x00000237101c3f10 code [0x00000237101c40e0, 0x00000237101c4548]
Event: 5.900 Thread 0x0000023726434a70 4433       3       java.util.Calendar::setTimeInMillis (84 bytes)
Event: 5.900 Thread 0x0000023726434a70 nmethod 4433 0x00000237101c4690 code [0x00000237101c4860, 0x00000237101c4d48]
Event: 5.903 Thread 0x0000023726434a70 4434       3       org.objectweb.asm.ClassWriter::visitAnnotation (40 bytes)
Event: 5.904 Thread 0x0000023726434a70 nmethod 4434 0x00000237101c4e90 code [0x00000237101c5040, 0x00000237101c52f8]
Event: 5.904 Thread 0x0000023726434a70 4435       3       java.lang.StrictMath::floorOrCeil (128 bytes)
Event: 5.904 Thread 0x0000023726434a70 nmethod 4435 0x00000237101c5410 code [0x00000237101c5600, 0x00000237101c5ab8]
Event: 5.904 Thread 0x0000023726434a70 4437       3       org.apache.commons.compress.archivers.zip.ZipEncodingHelper::isUTF8 (72 bytes)
Event: 5.904 Thread 0x0000023726434a70 nmethod 4437 0x00000237101c5b90 code [0x00000237101c5dc0, 0x00000237101c64c8]
Event: 5.904 Thread 0x0000023726434a70 4438       3       org.objectweb.asm.ClassWriter::visitInnerClass (130 bytes)
Event: 5.905 Thread 0x0000023726434a70 nmethod 4438 0x00000237101c6710 code [0x00000237101c6960, 0x00000237101c7148]
Event: 5.905 Thread 0x0000023726434a70 4436       3       java.lang.Math::getExponent (17 bytes)
Event: 5.905 Thread 0x0000023726434a70 nmethod 4436 0x00000237101c7590 code [0x00000237101c7720, 0x00000237101c7858]
Event: 5.906 Thread 0x0000023726434a70 4441       3       org.apache.commons.compress.archivers.zip.NioZipEncoding::encode (286 bytes)

GC Heap History (20 events):
Event: 3.157 GC heap before
{Heap before GC invocations=5 (full 0):
 garbage-first heap   total 71680K, used 55703K [0x0000000080000000, 0x0000000100000000)
  region size 1024K, 31 young (31744K), 3 survivors (3072K)
 Metaspace       used 29974K, committed 30272K, reserved 1114112K
  class space    used 4071K, committed 4224K, reserved 1048576K
}
Event: 3.161 GC heap after
{Heap after GC invocations=6 (full 0):
 garbage-first heap   total 71680K, used 31871K [0x0000000080000000, 0x0000000100000000)
  region size 1024K, 4 young (4096K), 4 survivors (4096K)
 Metaspace       used 29974K, committed 30272K, reserved 1114112K
  class space    used 4071K, committed 4224K, reserved 1048576K
}
Event: 3.187 GC heap before
{Heap before GC invocations=6 (full 0):
 garbage-first heap   total 71680K, used 31871K [0x0000000080000000, 0x0000000100000000)
  region size 1024K, 5 young (5120K), 4 survivors (4096K)
 Metaspace       used 29992K, committed 30336K, reserved 1114112K
  class space    used 4074K, committed 4224K, reserved 1048576K
}
Event: 3.189 GC heap after
{Heap after GC invocations=7 (full 0):
 garbage-first heap   total 71680K, used 32532K [0x0000000080000000, 0x0000000100000000)
  region size 1024K, 1 young (1024K), 1 survivors (1024K)
 Metaspace       used 29992K, committed 30336K, reserved 1114112K
  class space    used 4074K, committed 4224K, reserved 1048576K
}
Event: 4.059 GC heap before
{Heap before GC invocations=8 (full 0):
 garbage-first heap   total 81920K, used 61204K [0x0000000080000000, 0x0000000100000000)
  region size 1024K, 16 young (16384K), 1 survivors (1024K)
 Metaspace       used 31686K, committed 32064K, reserved 1114112K
  class space    used 4334K, committed 4480K, reserved 1048576K
}
Event: 4.061 GC heap after
{Heap after GC invocations=9 (full 0):
 garbage-first heap   total 81920K, used 49167K [0x0000000080000000, 0x0000000100000000)
  region size 1024K, 2 young (2048K), 2 survivors (2048K)
 Metaspace       used 31686K, committed 32064K, reserved 1114112K
  class space    used 4334K, committed 4480K, reserved 1048576K
}
Event: 4.236 GC heap before
{Heap before GC invocations=9 (full 0):
 garbage-first heap   total 81920K, used 61455K [0x0000000080000000, 0x0000000100000000)
  region size 1024K, 14 young (14336K), 2 survivors (2048K)
 Metaspace       used 33264K, committed 33664K, reserved 1114112K
  class space    used 4600K, committed 4800K, reserved 1048576K
}
Event: 4.238 GC heap after
{Heap after GC invocations=10 (full 0):
 garbage-first heap   total 81920K, used 49962K [0x0000000080000000, 0x0000000100000000)
  region size 1024K, 1 young (1024K), 1 survivors (1024K)
 Metaspace       used 33264K, committed 33664K, reserved 1114112K
  class space    used 4600K, committed 4800K, reserved 1048576K
}
Event: 4.395 GC heap before
{Heap before GC invocations=11 (full 0):
 garbage-first heap   total 87040K, used 62250K [0x0000000080000000, 0x0000000100000000)
  region size 1024K, 13 young (13312K), 1 survivors (1024K)
 Metaspace       used 34744K, committed 35136K, reserved 1114112K
  class space    used 4840K, committed 4992K, reserved 1048576K
}
Event: 4.397 GC heap after
{Heap after GC invocations=12 (full 0):
 garbage-first heap   total 87040K, used 50418K [0x0000000080000000, 0x0000000100000000)
  region size 1024K, 2 young (2048K), 2 survivors (2048K)
 Metaspace       used 34744K, committed 35136K, reserved 1114112K
  class space    used 4840K, committed 4992K, reserved 1048576K
}
Event: 4.674 GC heap before
{Heap before GC invocations=12 (full 0):
 garbage-first heap   total 87040K, used 66802K [0x0000000080000000, 0x0000000100000000)
  region size 1024K, 18 young (18432K), 2 survivors (2048K)
 Metaspace       used 37943K, committed 38272K, reserved 1114112K
  class space    used 5280K, committed 5440K, reserved 1048576K
}
Event: 4.677 GC heap after
{Heap after GC invocations=13 (full 0):
 garbage-first heap   total 87040K, used 51538K [0x0000000080000000, 0x0000000100000000)
  region size 1024K, 3 young (3072K), 3 survivors (3072K)
 Metaspace       used 37943K, committed 38272K, reserved 1114112K
  class space    used 5280K, committed 5440K, reserved 1048576K
}
Event: 5.036 GC heap before
{Heap before GC invocations=14 (full 0):
 garbage-first heap   total 91136K, used 66898K [0x0000000080000000, 0x0000000100000000)
  region size 1024K, 19 young (19456K), 3 survivors (3072K)
 Metaspace       used 42112K, committed 42560K, reserved 1114112K
  class space    used 5708K, committed 5888K, reserved 1048576K
}
Event: 5.039 GC heap after
{Heap after GC invocations=15 (full 0):
 garbage-first heap   total 91136K, used 53641K [0x0000000080000000, 0x0000000100000000)
  region size 1024K, 3 young (3072K), 3 survivors (3072K)
 Metaspace       used 42112K, committed 42560K, reserved 1114112K
  class space    used 5708K, committed 5888K, reserved 1048576K
}
Event: 5.188 GC heap before
{Heap before GC invocations=15 (full 0):
 garbage-first heap   total 91136K, used 71049K [0x0000000080000000, 0x0000000100000000)
  region size 1024K, 21 young (21504K), 3 survivors (3072K)
 Metaspace       used 43056K, committed 43520K, reserved 1114112K
  class space    used 5773K, committed 6016K, reserved 1048576K
}
Event: 5.191 GC heap after
{Heap after GC invocations=16 (full 0):
 garbage-first heap   total 91136K, used 55933K [0x0000000080000000, 0x0000000100000000)
  region size 1024K, 3 young (3072K), 3 survivors (3072K)
 Metaspace       used 43056K, committed 43520K, reserved 1114112K
  class space    used 5773K, committed 6016K, reserved 1048576K
}
Event: 5.274 GC heap before
{Heap before GC invocations=17 (full 0):
 garbage-first heap   total 101376K, used 64125K [0x0000000080000000, 0x0000000100000000)
  region size 1024K, 13 young (13312K), 3 survivors (3072K)
 Metaspace       used 43510K, committed 43968K, reserved 1114112K
  class space    used 5819K, committed 6016K, reserved 1048576K
}
Event: 5.276 GC heap after
{Heap after GC invocations=18 (full 0):
 garbage-first heap   total 101376K, used 56407K [0x0000000080000000, 0x0000000100000000)
  region size 1024K, 2 young (2048K), 2 survivors (2048K)
 Metaspace       used 43510K, committed 43968K, reserved 1114112K
  class space    used 5819K, committed 6016K, reserved 1048576K
}
Event: 5.706 GC heap before
{Heap before GC invocations=19 (full 0):
 garbage-first heap   total 106496K, used 85079K [0x0000000080000000, 0x0000000100000000)
  region size 1024K, 26 young (26624K), 2 survivors (2048K)
 Metaspace       used 46918K, committed 47360K, reserved 1114112K
  class space    used 6233K, committed 6464K, reserved 1048576K
}
Event: 5.709 GC heap after
{Heap after GC invocations=20 (full 0):
 garbage-first heap   total 128000K, used 57506K [0x0000000080000000, 0x0000000100000000)
  region size 1024K, 3 young (3072K), 3 survivors (3072K)
 Metaspace       used 46918K, committed 47360K, reserved 1114112K
  class space    used 6233K, committed 6464K, reserved 1048576K
}

Dll operation events (3 events):
Event: 0.004 Loaded shared library D:\Android_studio\jbr\bin\java.dll
Event: 0.092 Loaded shared library D:\Android_studio\jbr\bin\zip.dll
Event: 0.283 Loaded shared library D:\Android_studio\jbr\bin\verify.dll

Deoptimization events (20 events):
Event: 5.767 Thread 0x000002372b5c8350 DEOPT PACKING pc=0x000002371738e664 sp=0x0000005b2b8fdd60
Event: 5.767 Thread 0x000002372b5c8350 DEOPT UNPACKING pc=0x0000023716e2a1a3 sp=0x0000005b2b8fdca0 mode 2
Event: 5.776 Thread 0x000002372b5c9690 Uncommon trap: trap_request=0xffffff45 fr.pc=0x00000237174efd3c relative=0x000000000000029c
Event: 5.776 Thread 0x000002372b5c9690 Uncommon trap: reason=unstable_if action=reinterpret pc=0x00000237174efd3c method=java.io.BufferedOutputStream.write([BII)V @ 6 c2
Event: 5.776 Thread 0x000002372b5c9690 DEOPT PACKING pc=0x00000237174efd3c sp=0x0000005b2b6fe660
Event: 5.776 Thread 0x000002372b5c9690 DEOPT UNPACKING pc=0x0000023716e2a1a3 sp=0x0000005b2b6fe628 mode 2
Event: 5.783 Thread 0x000002372b5c8350 Uncommon trap: trap_request=0xffffff45 fr.pc=0x00000237175f8260 relative=0x00000000000005a0
Event: 5.783 Thread 0x000002372b5c8350 Uncommon trap: reason=unstable_if action=reinterpret pc=0x00000237175f8260 method=org.objectweb.asm.ClassReader.readUtf(II[C)Ljava/lang/String; @ 69 c2
Event: 5.783 Thread 0x000002372b5c8350 DEOPT PACKING pc=0x00000237175f8260 sp=0x0000005b2b8fde40
Event: 5.783 Thread 0x000002372b5c8350 DEOPT UNPACKING pc=0x0000023716e2a1a3 sp=0x0000005b2b8fdde0 mode 2
Event: 5.863 Thread 0x000002372b5c9690 DEOPT PACKING pc=0x00000237100fd63b sp=0x0000005b2b6fe7a0
Event: 5.863 Thread 0x000002372b5c9690 DEOPT UNPACKING pc=0x0000023716e2ace3 sp=0x0000005b2b6fdc30 mode 0
Event: 5.868 Thread 0x000002372b5c9690 Uncommon trap: trap_request=0xffffff45 fr.pc=0x000002371760c438 relative=0x0000000000000858
Event: 5.868 Thread 0x000002372b5c9690 Uncommon trap: reason=unstable_if action=reinterpret pc=0x000002371760c438 method=org.objectweb.asm.MethodWriter.visitVarInsn(II)V @ 242 c2
Event: 5.868 Thread 0x000002372b5c9690 DEOPT PACKING pc=0x000002371760c438 sp=0x0000005b2b6fe0c0
Event: 5.868 Thread 0x000002372b5c9690 DEOPT UNPACKING pc=0x0000023716e2a1a3 sp=0x0000005b2b6fe0a8 mode 2
Event: 5.895 Thread 0x000002372b5c9690 Uncommon trap: trap_request=0xffffff45 fr.pc=0x0000023717615ae4 relative=0x0000000000000aa4
Event: 5.895 Thread 0x000002372b5c9690 Uncommon trap: reason=unstable_if action=reinterpret pc=0x0000023717615ae4 method=org.objectweb.asm.MethodWriter.visitLabel(Lorg/objectweb/asm/Label;)V @ 238 c2
Event: 5.895 Thread 0x000002372b5c9690 DEOPT PACKING pc=0x0000023717615ae4 sp=0x0000005b2b6fdf10
Event: 5.895 Thread 0x000002372b5c9690 DEOPT UNPACKING pc=0x0000023716e2a1a3 sp=0x0000005b2b6fdee8 mode 2

Classes unloaded (8 events):
Event: 4.249 Thread 0x00000237263db710 Unloading class 0x0000000100430000 'java/lang/invoke/LambdaForm$MH+0x0000000100430000'
Event: 4.249 Thread 0x00000237263db710 Unloading class 0x000000010042bc00 'java/lang/invoke/LambdaForm$DMH+0x000000010042bc00'
Event: 4.249 Thread 0x00000237263db710 Unloading class 0x000000010042b800 'java/lang/invoke/LambdaForm$MH+0x000000010042b800'
Event: 4.249 Thread 0x00000237263db710 Unloading class 0x000000010042b000 'java/lang/invoke/LambdaForm$DMH+0x000000010042b000'
Event: 4.249 Thread 0x00000237263db710 Unloading class 0x000000010042a400 'java/lang/invoke/LambdaForm$DMH+0x000000010042a400'
Event: 4.249 Thread 0x00000237263db710 Unloading class 0x000000010042a000 'java/lang/invoke/LambdaForm$DMH+0x000000010042a000'
Event: 4.249 Thread 0x00000237263db710 Unloading class 0x0000000100429c00 'java/lang/invoke/LambdaForm$DMH+0x0000000100429c00'
Event: 4.249 Thread 0x00000237263db710 Unloading class 0x0000000100429400 'java/lang/invoke/LambdaForm$DMH+0x0000000100429400'

Classes redefined (0 events):
No events

Internal exceptions (20 events):
Event: 5.418 Thread 0x000002372d51d8b0 Exception <a 'sun/nio/fs/WindowsException'{0x0000000090ccdf78}> (0x0000000090ccdf78) 
thrown [s\src\hotspot\share\prims\jni.cpp, line 517]
Event: 5.476 Thread 0x000002372c7ce910 Exception <a 'java/lang/ClassNotFoundException'{0x0000000090cf4f18}: sync_studio_tooling_91qtlsy73bjd115bmrayy0wvaBeanInfo> (0x0000000090cf4f18) 
thrown [s\src\hotspot\share\classfile\systemDictionary.cpp, line 256]
Event: 5.476 Thread 0x000002372c7ce910 Exception <a 'java/lang/ClassNotFoundException'{0x0000000090cfba28}: sync_studio_tooling_91qtlsy73bjd115bmrayy0wvaCustomizer> (0x0000000090cfba28) 
thrown [s\src\hotspot\share\classfile\systemDictionary.cpp, line 256]
Event: 5.483 Thread 0x000002372c7ce910 Exception <a 'java/lang/ClassNotFoundException'{0x0000000090b4a550}: org/gradle/internal/metaobject/ConfigureDelegateBeanInfo> (0x0000000090b4a550) 
thrown [s\src\hotspot\share\classfile\systemDictionary.cpp, line 256]
Event: 5.483 Thread 0x000002372c7ce910 Exception <a 'java/lang/ClassNotFoundException'{0x0000000090b5ae60}: org/gradle/internal/metaobject/ConfigureDelegateCustomizer> (0x0000000090b5ae60) 
thrown [s\src\hotspot\share\classfile\systemDictionary.cpp, line 256]
Event: 5.491 Thread 0x000002372c7ce910 Exception <a 'java/lang/ClassNotFoundException'{0x0000000090bc8638}: org/gradle/api/internal/initialization/DefaultScriptHandlerBeanInfo> (0x0000000090bc8638) 
thrown [s\src\hotspot\share\classfile\systemDictionary.cpp, line 256]
Event: 5.491 Thread 0x000002372c7ce910 Exception <a 'java/lang/ClassNotFoundException'{0x0000000090bd90c8}: org/gradle/api/internal/initialization/DefaultScriptHandlerCustomizer> (0x0000000090bd90c8) 
thrown [s\src\hotspot\share\classfile\systemDictionary.cpp, line 256]
Event: 5.561 Thread 0x000002372c7ce910 Implicit null exception at 0x000002371755336c to 0x0000023717553410
Event: 5.566 Thread 0x000002372c7ce910 Exception <a 'java/lang/ClassNotFoundException'{0x0000000085b26498}: org/gradle/api/internal/artifacts/dsl/dependencies/DefaultDependencyHandler_DecoratedBeanInfo> (0x0000000085b26498) 
thrown [s\src\hotspot\share\classfile\systemDictionary.cpp, line 256]
Event: 5.567 Thread 0x000002372c7ce910 Exception <a 'java/lang/ClassNotFoundException'{0x0000000085b3c6e0}: org/gradle/api/internal/artifacts/dsl/dependencies/DefaultDependencyHandlerBeanInfo> (0x0000000085b3c6e0) 
thrown [s\src\hotspot\share\classfile\systemDictionary.cpp, line 256]
Event: 5.567 Thread 0x000002372c7ce910 Exception <a 'java/lang/ClassNotFoundException'{0x0000000085b52398}: org/gradle/api/internal/artifacts/dsl/dependencies/DefaultDependencyHandlerCustomizer> (0x0000000085b52398) 
thrown [s\src\hotspot\share\classfile\systemDictionary.cpp, line 256]
Event: 5.570 Thread 0x000002372c7ce910 Exception <a 'java/lang/ClassNotFoundException'{0x0000000085b91b78}: org/gradle/api/internal/artifacts/dsl/dependencies/DefaultDependencyHandler_DecoratedCustomizer> (0x0000000085b91b78) 
thrown [s\src\hotspot\share\classfile\systemDictionary.cpp, line 256]
Event: 5.573 Thread 0x000002372c7ce910 Exception <a 'java/lang/ClassNotFoundException'{0x0000000085bd28d8}: sync_studio_tooling_91qtlsy73bjd115bmrayy0wva$_run_closure1BeanInfo> (0x0000000085bd28d8) 
thrown [s\src\hotspot\share\classfile\systemDictionary.cpp, line 256]
Event: 5.573 Thread 0x000002372c7ce910 Exception <a 'java/lang/ClassNotFoundException'{0x0000000085bd98b8}: sync_studio_tooling_91qtlsy73bjd115bmrayy0wva$_run_closure1Customizer> (0x0000000085bd98b8) 
thrown [s\src\hotspot\share\classfile\systemDictionary.cpp, line 256]
Event: 5.615 Thread 0x000002372c7ce910 Exception <a 'java/lang/NoSuchMethodError'{0x0000000085514d00}: 'java.lang.Object java.lang.invoke.DirectMethodHandle$Holder.newInvokeSpecial(java.lang.Object, int, java.lang.Object)'> (0x0000000085514d00) 
thrown [s\src\hotspot\share\interpreter\linkResolver.cpp, line 771]
Event: 5.654 Thread 0x000002372c7ce910 Exception <a 'java/lang/NoSuchMethodError'{0x00000000852c9bc8}: 'void java.lang.invoke.DirectMethodHandle$Holder.invokeInterface(java.lang.Object, java.lang.Object)'> (0x00000000852c9bc8) 
thrown [s\src\hotspot\share\interpreter\linkResolver.cpp, line 771]
Event: 5.748 Thread 0x000002372c7ce910 Exception <a 'java/lang/NoSuchMethodError'{0x0000000090c45bf0}: 'int java.lang.invoke.DirectMethodHandle$Holder.invokeStatic(java.lang.Object)'> (0x0000000090c45bf0) 
thrown [s\src\hotspot\share\interpreter\linkResolver.cpp, line 771]
Event: 5.748 Thread 0x000002372c7ce910 Exception <a 'java/lang/NoSuchMethodError'{0x0000000090c49fe0}: 'int java.lang.invoke.DirectMethodHandle$Holder.invokeStaticInit(java.lang.Object)'> (0x0000000090c49fe0) 
thrown [s\src\hotspot\share\interpreter\linkResolver.cpp, line 771]
Event: 5.756 Thread 0x000002372b5c8350 Exception <a 'sun/nio/fs/WindowsException'{0x0000000090b2dd00}> (0x0000000090b2dd00) 
thrown [s\src\hotspot\share\prims\jni.cpp, line 517]
Event: 5.756 Thread 0x000002372b5c9690 Exception <a 'sun/nio/fs/WindowsException'{0x0000000090b40828}> (0x0000000090b40828) 
thrown [s\src\hotspot\share\prims\jni.cpp, line 517]

VM Operations (20 events):
Event: 5.076 Executing VM operation: HandshakeAllThreads
Event: 5.076 Executing VM operation: HandshakeAllThreads done
Event: 5.138 Executing VM operation: HandshakeAllThreads
Event: 5.138 Executing VM operation: HandshakeAllThreads done
Event: 5.188 Executing VM operation: G1CollectForAllocation
Event: 5.191 Executing VM operation: G1CollectForAllocation done
Event: 5.208 Executing VM operation: G1Concurrent
Event: 5.210 Executing VM operation: G1Concurrent done
Event: 5.220 Executing VM operation: G1Concurrent
Event: 5.220 Executing VM operation: G1Concurrent done
Event: 5.274 Executing VM operation: G1TryInitiateConcMark
Event: 5.277 Executing VM operation: G1TryInitiateConcMark done
Event: 5.293 Executing VM operation: G1Concurrent
Event: 5.313 Executing VM operation: G1Concurrent done
Event: 5.323 Executing VM operation: G1Concurrent
Event: 5.323 Executing VM operation: G1Concurrent done
Event: 5.539 Executing VM operation: HandshakeAllThreads
Event: 5.539 Executing VM operation: HandshakeAllThreads done
Event: 5.706 Executing VM operation: G1CollectForAllocation
Event: 5.709 Executing VM operation: G1CollectForAllocation done

Events (20 events):
Event: 5.348 loading class com/sun/beans/finder/AbstractFinder done
Event: 5.348 loading class com/sun/beans/finder/MethodFinder done
Event: 5.348 loading class com/sun/beans/finder/MethodFinder$1
Event: 5.348 loading class com/sun/beans/finder/MethodFinder$1 done
Event: 5.348 loading class com/sun/beans/finder/FinderUtils
Event: 5.348 loading class com/sun/beans/finder/FinderUtils done
Event: 5.470 Thread 0x0000023726432c10 Thread exited: 0x0000023726432c10
Event: 5.470 Thread 0x0000023726434f80 Thread exited: 0x0000023726434f80
Event: 5.527 loading class sun/reflect/generics/tree/BooleanSignature
Event: 5.527 loading class sun/reflect/generics/tree/BooleanSignature done
Event: 5.557 Thread 0x0000023726712ec0 Thread added: 0x0000023726712ec0
Event: 5.572 Thread 0x0000023726714d20 Thread added: 0x0000023726714d20
Event: 5.710 Thread 0x0000023726714d20 Thread exited: 0x0000023726714d20
Event: 5.718 loading class java/io/DeleteOnExitHook
Event: 5.718 loading class java/io/DeleteOnExitHook done
Event: 5.718 loading class java/io/DeleteOnExitHook$1
Event: 5.718 loading class java/io/DeleteOnExitHook$1 done
Event: 5.762 loading class java/security/Key
Event: 5.762 loading class java/security/Key done
Event: 5.816 Thread 0x0000023726714d20 Thread added: 0x0000023726714d20


Dynamic libraries:
0x00007ff7c5a30000 - 0x00007ff7c5a3a000 	D:\Android_studio\jbr\bin\java.exe
0x00007fff83d50000 - 0x00007fff83f48000 	C:\windows\SYSTEM32\ntdll.dll
0x00007fff83b80000 - 0x00007fff83c3d000 	C:\windows\System32\KERNEL32.DLL
0x00007fff816b0000 - 0x00007fff819a6000 	C:\windows\System32\KERNELBASE.dll
0x00007fff81a90000 - 0x00007fff81b90000 	C:\windows\System32\ucrtbase.dll
0x00007fff609c0000 - 0x00007fff609d7000 	D:\Android_studio\jbr\bin\jli.dll
0x00007fff839b0000 - 0x00007fff83b4e000 	C:\windows\System32\USER32.dll
0x00007fff81560000 - 0x00007fff81582000 	C:\windows\System32\win32u.dll
0x00007fff66960000 - 0x00007fff66bfa000 	C:\windows\WinSxS\amd64_microsoft.windows.common-controls_6595b64144ccf1df_6.0.19041.3636_none_60b6a03d71f818d5\COMCTL32.dll
0x00007fff81ed0000 - 0x00007fff81efc000 	C:\windows\System32\GDI32.dll
0x00007fff81590000 - 0x00007fff816aa000 	C:\windows\System32\gdi32full.dll
0x00007fff81490000 - 0x00007fff8152d000 	C:\windows\System32\msvcp_win.dll
0x00007fff82640000 - 0x00007fff826de000 	C:\windows\System32\msvcrt.dll
0x00007ffef7ab0000 - 0x00007ffef7acb000 	D:\Android_studio\jbr\bin\VCRUNTIME140.dll
0x00007fff83b50000 - 0x00007fff83b80000 	C:\windows\System32\IMM32.DLL
0x00007fff40020000 - 0x00007fff4002c000 	D:\Android_studio\jbr\bin\vcruntime140_1.dll
0x00007ffef7a20000 - 0x00007ffef7aad000 	D:\Android_studio\jbr\bin\msvcp140.dll
0x00007fff07890000 - 0x00007fff08510000 	D:\Android_studio\jbr\bin\server\jvm.dll
0x00007fff832a0000 - 0x00007fff83353000 	C:\windows\System32\ADVAPI32.dll
0x00007fff83060000 - 0x00007fff830ff000 	C:\windows\System32\sechost.dll
0x00007fff81da0000 - 0x00007fff81ec6000 	C:\windows\System32\RPCRT4.dll
0x00007fff81530000 - 0x00007fff81557000 	C:\windows\System32\bcrypt.dll
0x00007fff66490000 - 0x00007fff66499000 	C:\windows\SYSTEM32\WSOCK32.dll
0x00007fff74930000 - 0x00007fff7493a000 	C:\windows\SYSTEM32\VERSION.dll
0x00007fff5b4d0000 - 0x00007fff5b4f7000 	C:\windows\SYSTEM32\WINMM.dll
0x00007fff83230000 - 0x00007fff8329b000 	C:\windows\System32\WS2_32.dll
0x00007fff7f4b0000 - 0x00007fff7f4c2000 	C:\windows\SYSTEM32\kernel.appcore.dll
0x00007fff79e00000 - 0x00007fff79e0a000 	D:\Android_studio\jbr\bin\jimage.dll
0x00007fff7f020000 - 0x00007fff7f204000 	C:\windows\SYSTEM32\DBGHELP.DLL
0x00007fff65840000 - 0x00007fff65874000 	C:\windows\SYSTEM32\dbgcore.DLL
0x00007fff81a00000 - 0x00007fff81a82000 	C:\windows\System32\bcryptPrimitives.dll
0x00007fff64590000 - 0x00007fff6459e000 	D:\Android_studio\jbr\bin\instrument.dll
0x00007fff69070000 - 0x00007fff69095000 	D:\Android_studio\jbr\bin\java.dll
0x00007fff68e30000 - 0x00007fff68e48000 	D:\Android_studio\jbr\bin\zip.dll
0x00007fff826e0000 - 0x00007fff82e25000 	C:\windows\System32\SHELL32.dll
0x00007fff7f4d0000 - 0x00007fff7fc6b000 	C:\windows\SYSTEM32\windows.storage.dll
0x00007fff83370000 - 0x00007fff836c4000 	C:\windows\System32\combase.dll
0x00007fff80de0000 - 0x00007fff80e0d000 	C:\windows\SYSTEM32\Wldp.dll
0x00007fff83830000 - 0x00007fff838dd000 	C:\windows\System32\SHCORE.dll
0x00007fff83cb0000 - 0x00007fff83d05000 	C:\windows\System32\shlwapi.dll
0x00007fff81350000 - 0x00007fff81375000 	C:\windows\SYSTEM32\profapi.dll
0x00007fff62270000 - 0x00007fff62289000 	D:\Android_studio\jbr\bin\net.dll
0x00007fff7c000000 - 0x00007fff7c10a000 	C:\windows\SYSTEM32\WINHTTP.dll
0x00007fff80b40000 - 0x00007fff80baa000 	C:\windows\system32\mswsock.dll
0x00007fff609f0000 - 0x00007fff60a06000 	D:\Android_studio\jbr\bin\nio.dll
0x00007fff69060000 - 0x00007fff69070000 	D:\Android_studio\jbr\bin\verify.dll
0x00007fff5c7a0000 - 0x00007fff5c7c7000 	C:\Users\hp\.gradle\native\68d5fa5c4cc2d200863cafc0d521ce42e7d3e7ee720ec0a83991735586a16f82\windows-amd64\native-platform.dll
0x00007ffef7390000 - 0x00007ffef74d4000 	C:\Users\hp\.gradle\native\e376f236ea51e6404a007f0833ffe2c6e607c4080706a723a18a27aeea778392\windows-amd64\native-platform-file-events.dll
0x00007fff68e20000 - 0x00007fff68e29000 	D:\Android_studio\jbr\bin\management.dll
0x00007fff65bf0000 - 0x00007fff65bfb000 	D:\Android_studio\jbr\bin\management_ext.dll
0x00007fff83c40000 - 0x00007fff83c48000 	C:\windows\System32\PSAPI.DLL
0x00007fff80d30000 - 0x00007fff80d48000 	C:\windows\SYSTEM32\CRYPTSP.dll
0x00007fff80410000 - 0x00007fff80444000 	C:\windows\system32\rsaenh.dll
0x00007fff81310000 - 0x00007fff8133e000 	C:\windows\SYSTEM32\USERENV.dll
0x00007fff80d50000 - 0x00007fff80d5c000 	C:\windows\SYSTEM32\CRYPTBASE.dll
0x00007fff807d0000 - 0x00007fff8080b000 	C:\windows\SYSTEM32\IPHLPAPI.DLL
0x00007fff82ec0000 - 0x00007fff82ec8000 	C:\windows\System32\NSI.dll
0x00007fff7a7a0000 - 0x00007fff7a7b7000 	C:\windows\SYSTEM32\dhcpcsvc6.DLL
0x00007fff7a780000 - 0x00007fff7a79d000 	C:\windows\SYSTEM32\dhcpcsvc.DLL
0x00007fff80870000 - 0x00007fff8093a000 	C:\windows\SYSTEM32\DNSAPI.dll
0x00007fff78d70000 - 0x00007fff78d77000 	C:\windows\system32\wshunix.dll
0x00007fff80550000 - 0x00007fff80583000 	C:\windows\SYSTEM32\ntmarta.dll

dbghelp: loaded successfully - version: 4.0.5 - missing functions: none
symbol engine: initialized successfully - sym options: 0x614 - pdb path: .;D:\Android_studio\jbr\bin;C:\windows\SYSTEM32;C:\windows\WinSxS\amd64_microsoft.windows.common-controls_6595b64144ccf1df_6.0.19041.3636_none_60b6a03d71f818d5;D:\Android_studio\jbr\bin\server;C:\Users\hp\.gradle\native\68d5fa5c4cc2d200863cafc0d521ce42e7d3e7ee720ec0a83991735586a16f82\windows-amd64;C:\Users\hp\.gradle\native\e376f236ea51e6404a007f0833ffe2c6e607c4080706a723a18a27aeea778392\windows-amd64

VM Arguments:
jvm_args: --add-opens=java.base/java.util=ALL-UNNAMED --add-opens=java.base/java.lang=ALL-UNNAMED --add-opens=java.base/java.lang.invoke=ALL-UNNAMED --add-opens=java.prefs/java.util.prefs=ALL-UNNAMED --add-opens=java.base/java.nio.charset=ALL-UNNAMED --add-opens=java.base/java.net=ALL-UNNAMED --add-opens=java.base/java.util.concurrent.atomic=ALL-UNNAMED -Xmx2048m -Dfile.encoding=UTF-8 -Duser.country=IN -Duser.language=en -Duser.variant -javaagent:C:\Users\hp\.gradle\wrapper\dists\gradle-8.2-bin\bbg7u40eoinfdyxsxr3z4i7ta\gradle-8.2\lib\agents\gradle-instrumentation-agent-8.2.jar 
java_command: org.gradle.launcher.daemon.bootstrap.GradleDaemon 8.2
java_class_path (initial): C:\Users\hp\.gradle\wrapper\dists\gradle-8.2-bin\bbg7u40eoinfdyxsxr3z4i7ta\gradle-8.2\lib\gradle-launcher-8.2.jar
Launcher Type: SUN_STANDARD

[Global flags]
     intx CICompilerCount                          = 4                                         {product} {ergonomic}
     uint ConcGCThreads                            = 2                                         {product} {ergonomic}
     uint G1ConcRefinementThreads                  = 8                                         {product} {ergonomic}
   size_t G1HeapRegionSize                         = 1048576                                   {product} {ergonomic}
    uintx GCDrainStackTargetSize                   = 64                                        {product} {ergonomic}
   size_t InitialHeapSize                          = 331350016                                 {product} {ergonomic}
   size_t MarkStackSize                            = 4194304                                   {product} {ergonomic}
   size_t MaxHeapSize                              = 2147483648                                {product} {command line}
   size_t MaxNewSize                               = 1287651328                                {product} {ergonomic}
   size_t MinHeapDeltaBytes                        = 1048576                                   {product} {ergonomic}
   size_t MinHeapSize                              = 8388608                                   {product} {ergonomic}
    uintx NonNMethodCodeHeapSize                   = 5839372                                {pd product} {ergonomic}
    uintx NonProfiledCodeHeapSize                  = 122909434                              {pd product} {ergonomic}
    uintx ProfiledCodeHeapSize                     = 122909434                              {pd product} {ergonomic}
    uintx ReservedCodeCacheSize                    = 251658240                              {pd product} {ergonomic}
     bool SegmentedCodeCache                       = true                                      {product} {ergonomic}
   size_t SoftMaxHeapSize                          = 2147483648                             {manageable} {ergonomic}
     bool UseCompressedClassPointers               = true                           {product lp64_product} {ergonomic}
     bool UseCompressedOops                        = true                           {product lp64_product} {ergonomic}
     bool UseG1GC                                  = true                                      {product} {ergonomic}
     bool UseLargePagesIndividualAllocation        = false                                  {pd product} {ergonomic}

Logging:
Log output configuration:
 #0: stdout all=warning uptime,level,tags
 #1: stderr all=off uptime,level,tags

Environment Variables:
PATH=C:\Program Files\Common Files\Oracle\Java\javapath;C:\windows\system32;C:\windows;C:\windows\System32\Wbem;C:\windows\System32\WindowsPowerShell\v1.0\;C:\windows\System32\OpenSSH\;C:\Program Files\Java\jdk-17.0.1\bin;C:\Program Files\dotnet\;C:\Program Files\Git\cmd;C:\Program Files\PuTTY\;C:\Users\hp\AppData\Local\Programs\Python\Python310\Scripts\;C:\Users\hp\AppData\Local\Programs\Python\Python310\;C:\Users\hp\AppData\Local\Microsoft\WindowsApps;C:\Users\hp\AppData\Local\Programs\Microsoft VS Code\bin;C:\msys64\mingw64\bin;C:\Users\hp\AppData\Local\GitHubDesktop\bin
USERNAME=hp
OS=Windows_NT
PROCESSOR_IDENTIFIER=Intel64 Family 6 Model 140 Stepping 1, GenuineIntel
TMP=C:\Users\hp\AppData\Local\Temp
TEMP=C:\Users\hp\AppData\Local\Temp


JNI global refs:
JNI global refs: 28, weak refs: 15

JNI global refs memory usage: 843, weak refs: 841

OOME stack traces (most recent first):
Classloader memory used:
Loader org.gradle.internal.classloader.VisitableURLClassLoader                         : 2803K
Loader bootstrap                                                                       : 2348K
Loader org.gradle.initialization.MixInLegacyTypesClassLoader                           : 659K
Loader jdk.internal.loader.ClassLoaders$PlatformClassLoader                            : 66473B
Loader org.gradle.internal.classloader.VisitableURLClassLoader                         : 52010B
Loader jdk.internal.loader.ClassLoaders$AppClassLoader                                 : 28352B
Loader jdk.internal.reflect.DelegatingClassLoader                                      : 22098B
Loader org.gradle.groovy.scripts.internal.DefaultScriptCompilationHandler$ScriptClassLoader: 3709B
Loader org.codehaus.groovy.runtime.callsite.CallSiteClassLoader                        : 876B

Classes loaded by more than one classloader:
Class org.gradle.api.GradleException                                                  : loaded 3 times (x 80B)
Class org.gradle.util.GradleVersion                                                   : loaded 2 times (x 81B)
Class org.gradle.internal.classpath.ClassPath                                         : loaded 2 times (x 68B)
Class org.gradle.api.internal.classpath.DefaultModuleRegistry                         : loaded 2 times (x 84B)
Class org.gradle.api.Action                                                           : loaded 2 times (x 68B)
Class org.gradle.api.internal.DefaultClassPathProvider                                : loaded 2 times (x 74B)
Class org.gradle.internal.installation.GradleInstallation$1                           : loaded 2 times (x 73B)
Class org.gradle.internal.exceptions.DefaultMultiCauseException                       : loaded 2 times (x 85B)
Class org.gradle.internal.time.MonotonicClock                                         : loaded 2 times (x 75B)
Class org.gradle.internal.classloader.FilteringClassLoader                            : loaded 2 times (x 102B)
Class org.gradle.internal.classpath.DefaultClassPath$ImmutableUniqueList$Builder      : loaded 2 times (x 73B)
Class org.gradle.internal.classloader.ClassLoaderVisitor                              : loaded 2 times (x 74B)
Class org.gradle.internal.time.DefaultCountdownTimer                                  : loaded 2 times (x 86B)
Class org.gradle.internal.service.DefaultServiceLocator                               : loaded 2 times (x 81B)
Class org.gradle.internal.service.UnknownServiceException                             : loaded 2 times (x 81B)
Class org.gradle.internal.classloader.DefaultClassLoaderFactory                       : loaded 2 times (x 80B)
Class org.gradle.internal.classloader.VisitableURLClassLoader$Spec                    : loaded 2 times (x 72B)
Class org.gradle.tooling.model.ProjectModel                                           : loaded 2 times (x 68B)
Class org.gradle.internal.installation.GradleInstallation                             : loaded 2 times (x 73B)
Class org.gradle.api.internal.classpath.ModuleRegistry                                : loaded 2 times (x 68B)
Class org.gradle.api.internal.ClassPathProvider                                       : loaded 2 times (x 68B)
Class org.gradle.internal.classloader.ClasspathUtil$1                                 : loaded 2 times (x 74B)
Class org.gradle.internal.classloader.ClassLoaderFactory                              : loaded 2 times (x 68B)
Class org.gradle.api.internal.classpath.ManifestUtil                                  : loaded 2 times (x 69B)
Class org.gradle.api.specs.Spec                                                       : loaded 2 times (x 68B)
Class org.gradle.internal.IoActions                                                   : loaded 2 times (x 69B)
Class org.gradle.api.internal.classpath.EffectiveClassPath                            : loaded 2 times (x 88B)
Class org.gradle.internal.installation.CurrentGradleInstallation                      : loaded 2 times (x 71B)
Class org.gradle.internal.agents.InstrumentingClassLoader                             : loaded 2 times (x 68B)
Class org.gradle.internal.installation.CurrentGradleInstallationLocator               : loaded 2 times (x 69B)
Class org.gradle.api.internal.classpath.Module                                        : loaded 2 times (x 68B)
Class org.gradle.internal.service.CachingServiceLocator                               : loaded 2 times (x 80B)
Class org.gradle.internal.time.Timer                                                  : loaded 2 times (x 68B)
Class org.gradle.internal.classpath.DefaultClassPath                                  : loaded 2 times (x 88B)
Class org.gradle.internal.time.Time                                                   : loaded 2 times (x 69B)
Class org.gradle.internal.time.TimeSource$1                                           : loaded 2 times (x 75B)
Class org.gradle.internal.classloader.SystemClassLoaderSpec                           : loaded 2 times (x 69B)
Class kotlin.Function                                                                 : loaded 2 times (x 68B)
Class org.gradle.api.UncheckedIOException                                             : loaded 2 times (x 80B)
Class org.gradle.internal.time.CountdownTimer                                         : loaded 2 times (x 68B)
Class org.gradle.internal.time.Clock                                                  : loaded 2 times (x 68B)
Class org.gradle.internal.classloader.ClasspathUtil                                   : loaded 2 times (x 69B)
Class org.gradle.api.internal.DefaultClassPathRegistry                                : loaded 2 times (x 74B)
Class org.gradle.api.internal.classpath.DefaultModuleRegistry$DefaultModule           : loaded 2 times (x 84B)
Class org.gradle.internal.time.TimeSource                                             : loaded 2 times (x 68B)
Class org.gradle.api.internal.classpath.UnknownModuleException                        : loaded 2 times (x 80B)
Class org.gradle.internal.service.ServiceLookupException                              : loaded 2 times (x 80B)
Class org.gradle.cache.GlobalCache                                                    : loaded 2 times (x 68B)
Class [Lorg.gradle.api.internal.ClassPathProvider;                                    : loaded 2 times (x 67B)
Class org.gradle.internal.operations.MultipleBuildOperationFailures                   : loaded 2 times (x 85B)
Class org.gradle.util.internal.GUtil                                                  : loaded 2 times (x 69B)
Class org.gradle.internal.classloader.ClassLoaderSpec                                 : loaded 2 times (x 69B)
Class org.gradle.internal.classloader.VisitableURLClassLoader                         : loaded 2 times (x 114B)
Class org.gradle.internal.Cast                                                        : loaded 2 times (x 69B)
Class org.gradle.api.internal.ClassPathRegistry                                       : loaded 2 times (x 68B)
Class org.gradle.internal.classloader.VisitableURLClassLoader$InstrumentingVisitableURLClassLoader: loaded 2 times (x 120B)
Class org.gradle.internal.classloader.ClassLoaderHierarchy                            : loaded 2 times (x 68B)
Class org.gradle.internal.exceptions.MultiCauseException                              : loaded 2 times (x 68B)
Class org.gradle.internal.InternalTransformer                                         : loaded 2 times (x 68B)
Class org.gradle.internal.service.ServiceLocator                                      : loaded 2 times (x 68B)
Class org.gradle.internal.classpath.DefaultClassPath$ImmutableUniqueList              : loaded 2 times (x 159B)
Class org.gradle.internal.time.DefaultTimer                                           : loaded 2 times (x 78B)
Class org.gradle.internal.classpath.TransformedClassPath                              : loaded 2 times (x 94B)


---------------  S Y S T E M  ---------------

OS:
 Windows 10 , 64 bit Build 19041 (10.0.19041.3636)
OS uptime: 0 days 0:09 hours

CPU: total 8 (initial active 8) (4 cores per cpu, 2 threads per core) family 6 model 140 stepping 1 microcode 0x8a, cx8, cmov, fxsr, ht, mmx, 3dnowpref, sse, sse2, sse3, ssse3, sse4.1, sse4.2, popcnt, lzcnt, tsc, tscinvbit, avx, avx2, aes, erms, clmul, bmi1, bmi2, adx, avx512f, avx512dq, avx512cd, avx512bw, avx512vl, sha, fma, vzeroupper, avx512_vpopcntdq, avx512_vpclmulqdq, avx512_vaes, avx512_vnni, clflush, clflushopt, clwb, avx512_vbmi2, avx512_vbmi

Memory: 4k page, system-wide physical 20122M (12847M free)
TotalPageFile size 23066M (AvailPageFile size 16346M)
current process WorkingSet (physical memory assigned to process): 282M, peak: 282M
current process commit charge ("private bytes"): 319M, peak: 459M

vm_info: OpenJDK 64-Bit Server VM (17.0.7+0-b2043.56-10550314) for windows-amd64 JRE (17.0.7+0-b2043.56-10550314), built on Jul 24 2023 18:27:45 by "androidbuild" with MS VC++ 16.10 / 16.11 (VS2019)

END.
